nohup: ignoring input

> client-frontend@0.1.0 dev
> next dev

▲ Next.js 16.1.3 (Turbopack)
- Local:         http://localhost:3000
- Network:       http://10.201.172.91:3000
- Environments: .env.local

✓ Starting...
✓ Ready in 2.2s
 GET /notifications 404 in 1870ms (compile: 1504ms, render: 366ms)
 GET /confirm-prize/ee3ed6be-1884-45d3-80f6-ba852d2f5907 200 in 1898ms (compile: 1634ms, render: 263ms)
 GET / 200 in 1933ms (compile: 917ms, render: 1016ms)
 GET / 200 in 341ms (compile: 29ms, render: 312ms)
 GET /confirm-prize/ee3ed6be-1884-45d3-80f6-ba852d2f5907 200 in 186ms (compile: 86ms, render: 100ms)
 GET / 200 in 101ms (compile: 22ms, render: 79ms)
✓ Compiled in 0ms
 GET /confirm-prize/ee3ed6be-1884-45d3-80f6-ba852d2f5907 200 in 4.0s (compile: 3.2s, render: 774ms)
 GET / 200 in 4.1s (compile: 3.0s, render: 1098ms)
 GET / 200 in 4.2s (compile: 3.4s, render: 793ms)
 GET / 200 in 970ms (compile: 28ms, render: 942ms)
 GET /confirm-prize/ee3ed6be-1884-45d3-80f6-ba852d2f5907 200 in 980ms (compile: 117ms, render: 863ms)
 GET / 200 in 1272ms (compile: 18ms, render: 1255ms)
 GET / 200 in 1338ms (compile: 7ms, render: 1331ms)
 GET /confirm-prize/ee3ed6be-1884-45d3-80f6-ba852d2f5907 200 in 1169ms (compile: 323ms, render: 846ms)
 GET / 200 in 1312ms (compile: 56ms, render: 1256ms)
 GET / 200 in 1298ms (compile: 258ms, render: 1040ms)
 GET / 200 in 1311ms (compile: 166ms, render: 1145ms)
 GET / 200 in 1280ms (compile: 402ms, render: 878ms)
 GET / 200 in 1050ms (compile: 207ms, render: 842ms)
 GET / 200 in 863ms (compile: 85ms, render: 778ms)
 GET /confirm-prize/ee3ed6be-1884-45d3-80f6-ba852d2f5907 200 in 694ms (compile: 67ms, render: 627ms)
 GET / 200 in 911ms (compile: 81ms, render: 830ms)
 GET / 200 in 959ms (compile: 81ms, render: 878ms)
 GET / 200 in 1003ms (compile: 117ms, render: 886ms)
 GET /confirm-prize/ee3ed6be-1884-45d3-80f6-ba852d2f5907 200 in 716ms (compile: 24ms, render: 693ms)
 GET / 200 in 814ms (compile: 13ms, render: 800ms)
 GET / 200 in 673ms (compile: 18ms, render: 655ms)
 GET / 200 in 722ms (compile: 73ms, render: 649ms)
 GET / 200 in 716ms (compile: 188ms, render: 529ms)
 GET / 200 in 842ms (compile: 140ms, render: 702ms)
 GET / 200 in 606ms (compile: 16ms, render: 589ms)
 GET /confirm-prize/ee3ed6be-1884-45d3-80f6-ba852d2f5907 200 in 419ms (compile: 10ms, render: 409ms)
 GET / 200 in 654ms (compile: 68ms, render: 586ms)
 GET / 200 in 719ms (compile: 62ms, render: 657ms)
 GET / 200 in 672ms (compile: 16ms, render: 655ms)
 GET / 200 in 776ms (compile: 23ms, render: 753ms)
 GET /confirm-prize/ee3ed6be-1884-45d3-80f6-ba852d2f5907 200 in 806ms (compile: 113ms, render: 693ms)
 GET / 200 in 836ms (compile: 18ms, render: 818ms)
 GET / 200 in 778ms (compile: 14ms, render: 764ms)
 GET / 200 in 774ms (compile: 71ms, render: 703ms)
 GET / 200 in 776ms (compile: 121ms, render: 655ms)
 GET / 200 in 727ms (compile: 132ms, render: 595ms)
 GET /confirm-prize/ee3ed6be-1884-45d3-80f6-ba852d2f5907 200 in 378ms (compile: 65ms, render: 313ms)
 GET / 200 in 571ms (compile: 20ms, render: 551ms)
 GET / 200 in 570ms (compile: 58ms, render: 512ms)
 GET / 200 in 712ms (compile: 64ms, render: 648ms)
 GET / 200 in 653ms (compile: 13ms, render: 640ms)
 GET / 200 in 779ms (compile: 11ms, render: 767ms)
 GET /confirm-prize/ee3ed6be-1884-45d3-80f6-ba852d2f5907 200 in 705ms (compile: 28ms, render: 677ms)
 GET / 200 in 857ms (compile: 72ms, render: 785ms)
 GET /confirm-prize/ee3ed6be-1884-45d3-80f6-ba852d2f5907 200 in 519ms (compile: 112ms, render: 407ms)
 GET / 200 in 738ms (compile: 71ms, render: 666ms)
 GET / 200 in 741ms (compile: 25ms, render: 716ms)
 GET / 200 in 730ms (compile: 143ms, render: 587ms)
 GET / 200 in 608ms (compile: 66ms, render: 542ms)
 GET / 200 in 680ms (compile: 154ms, render: 525ms)
 GET / 200 in 635ms (compile: 155ms, render: 480ms)
 GET / 200 in 497ms (compile: 8ms, render: 489ms)
 GET /confirm-prize/ee3ed6be-1884-45d3-80f6-ba852d2f5907 200 in 418ms (compile: 19ms, render: 399ms)
 GET / 200 in 525ms (compile: 86ms, render: 439ms)
 GET /confirm-prize/ee3ed6be-1884-45d3-80f6-ba852d2f5907 200 in 360ms (compile: 82ms, render: 278ms)
 GET / 200 in 508ms (compile: 20ms, render: 488ms)
 GET / 200 in 376ms (compile: 10ms, render: 366ms)
 GET /confirm-prize/ee3ed6be-1884-45d3-80f6-ba852d2f5907 200 in 311ms (compile: 25ms, render: 285ms)
 GET / 200 in 429ms (compile: 54ms, render: 374ms)
 GET /confirm-prize/ee3ed6be-1884-45d3-80f6-ba852d2f5907 200 in 410ms (compile: 28ms, render: 382ms)
 GET / 200 in 483ms (compile: 73ms, render: 411ms)
 GET /confirm-prize/ee3ed6be-1884-45d3-80f6-ba852d2f5907 200 in 337ms (compile: 10ms, render: 326ms)
 GET / 200 in 425ms (compile: 51ms, render: 375ms)
 GET /confirm-prize/ee3ed6be-1884-45d3-80f6-ba852d2f5907 200 in 298ms (compile: 59ms, render: 239ms)
 GET /confirm-prize/ee3ed6be-1884-45d3-80f6-ba852d2f5907 200 in 277ms (compile: 9ms, render: 268ms)
 GET /confirm-prize/ee3ed6be-1884-45d3-80f6-ba852d2f5907 200 in 294ms (compile: 8ms, render: 285ms)
 GET /confirm-prize/ee3ed6be-1884-45d3-80f6-ba852d2f5907 200 in 208ms (compile: 13ms, render: 195ms)
 GET /confirm-prize/ee3ed6be-1884-45d3-80f6-ba852d2f5907 200 in 186ms (compile: 13ms, render: 173ms)
 GET /confirm-prize/ee3ed6be-1884-45d3-80f6-ba852d2f5907 200 in 243ms (compile: 16ms, render: 227ms)
 GET /confirm-prize/ee3ed6be-1884-45d3-80f6-ba852d2f5907 200 in 222ms (compile: 13ms, render: 209ms)
 GET /confirm-prize/ee3ed6be-1884-45d3-80f6-ba852d2f5907 200 in 142ms (compile: 9ms, render: 134ms)
 GET /confirm-prize/ee3ed6be-1884-45d3-80f6-ba852d2f5907 200 in 81ms (compile: 11ms, render: 70ms)
 GET /notifications 200 in 2.3s (compile: 1768ms, render: 540ms)
 GET /notifications 200 in 71ms (compile: 12ms, render: 59ms)
 GET /notifications 200 in 102ms (compile: 19ms, render: 83ms)
✓ Compiled in 293ms
✓ Compiled in 163ms
✓ Compiled in 100ms
✓ Compiled in 143ms
✓ Compiled in 170ms
 GET /notifications 200 in 453ms (compile: 138ms, render: 316ms)
 GET /notifications 200 in 217ms (compile: 14ms, render: 203ms)
 GET /dashboard 200 in 134ms (compile: 98ms, render: 36ms)
✓ Compiled in 539ms
 GET /notifications 200 in 326ms (compile: 199ms, render: 127ms)
 GET /raffles 200 in 229ms (compile: 141ms, render: 89ms)
 GET /raffles 200 in 588ms (compile: 9ms, render: 579ms)
 GET /notifications 200 in 260ms (compile: 20ms, render: 240ms)
 GET /notifications 200 in 180ms (compile: 8ms, render: 173ms)
 GET / 200 in 65ms (compile: 20ms, render: 45ms)
